Created by PLY version 3.11 (http://www.dabeaz.com/ply)

Unused terminals:

    SUMA

Grammar

Rule 0     S' -> Start
Rule 1     Start -> code
Rule 2     code -> INICIO DOSPUNTOS cuerpo FIN PUNTOCOMA procedimientos
Rule 3     procedimientos -> procedimiento procedimientos
Rule 4     procedimiento -> PROC ID PARENTESIS_IZQ parametro PARENTESIS_DER INICIOPROC DOSPUNTOS expresion FINPROC PUNTOCOMA
Rule 5     cuerpo -> empty
Rule 6     cuerpo -> expresion cuerpo
Rule 7     cuerpo -> variable cuerpo
Rule 8     variable -> variable1
Rule 9     variable -> variable2
Rule 10    variable1 -> DCL ID PUNTOCOMA
Rule 11    variable2 -> DCL ID DEFAULT NUMERO PUNTOCOMA
Rule 12    expresion -> empty
Rule 13    expresion -> condicion1 expresion
Rule 14    expresion -> condicion2 expresion
Rule 15    expresion -> repita expresion
Rule 16    expresion -> hacer expresion
Rule 17    expresion -> funcion expresion
Rule 18    expresion -> llamarProc expresion
Rule 19    expresion -> llamarProc
Rule 20    expresion -> condicion1
Rule 21    expresion -> condicion2
Rule 22    expresion -> repita
Rule 23    expresion -> hacer
Rule 24    condicion1 -> ENCASO cond1Aux1 FINENCASO PUNTOCOMA
Rule 25    condicion2 -> ENCASO ID cond2Aux1 FINENCASO PUNTOCOMA
Rule 26    cond2Aux1 -> cond2Aux2 SINO LLAVE_IZQ expresion LLAVE_DER
Rule 27    cond2Aux1 -> empty empty empty empty empty
Rule 28    cond1Aux1 -> cond1Aux2 SINO LLAVE_IZQ expresion LLAVE_DER
Rule 29    cond1Aux1 -> empty empty empty empty empty
Rule 30    cond1Aux2 -> empty
Rule 31    cond1Aux2 -> CUANDO ID condicion sentencia ENTONS LLAVE_IZQ expresion LLAVE_DER cond1Aux2
Rule 32    cond2Aux2 -> CUANDO condicion sentencia ENTONS LLAVE_IZQ expresion LLAVE_DER cond2Aux2
Rule 33    cond2Aux2 -> empty
Rule 34    condicion -> IGUAL
Rule 35    condicion -> MAYOR
Rule 36    condicion -> MENOR
Rule 37    condicion -> DIFERENTE
Rule 38    condicion -> MAYORIGUAL
Rule 39    condicion -> MENORIGUAL
Rule 40    sentencia -> ID
Rule 41    sentencia -> NUMERO
Rule 42    repita -> REPITA LLAVE_IZQ expresion LLAVE_DER HASTAENCONTRAR ID condicion sentencia PUNTOCOMA
Rule 43    hacer -> DESDE ID IGUAL sentencia HASTA sentencia HAGA LLAVE_IZQ expresion LLAVE_DER FINDESDE PUNTOCOMA
Rule 44    funcion -> Aleatorio
Rule 45    funcion -> Mover
Rule 46    funcion -> funcionAlge
Rule 47    Aleatorio -> ALEATORIO PARENTESIS_IZQ PARENTESIS_DER PUNTOCOMA
Rule 48    Mover -> MOVER PARENTESIS_IZQ paramMover PARENTESIS_DER PUNTOCOMA
Rule 49    paramMover -> AF
Rule 50    paramMover -> F
Rule 51    paramMover -> DFA
Rule 52    paramMover -> IFA
Rule 53    paramMover -> DFB
Rule 54    paramMover -> IFB
Rule 55    paramMover -> A
Rule 56    paramMover -> DAA
Rule 57    paramMover -> IAA
Rule 58    paramMover -> DAB
Rule 59    paramMover -> IAB
Rule 60    paramMover -> AA
Rule 61    funcionAlge -> INC PARENTESIS_IZQ ID COMA sentencia PARENTESIS_DER PUNTOCOMA expresion
Rule 62    funcionAlge -> DEC PARENTESIS_IZQ ID COMA sentencia PARENTESIS_DER PUNTOCOMA expresion
Rule 63    funcionAlge -> INI PARENTESIS_IZQ ID COMA sentencia PARENTESIS_DER PUNTOCOMA expresion
Rule 64    funcionAlge -> INC PARENTESIS_IZQ ID COMA sentencia PARENTESIS_DER PUNTOCOMA
Rule 65    funcionAlge -> DEC PARENTESIS_IZQ ID COMA sentencia PARENTESIS_DER PUNTOCOMA
Rule 66    funcionAlge -> INI PARENTESIS_IZQ ID COMA sentencia PARENTESIS_DER PUNTOCOMA
Rule 67    parametro -> ID COMA parametro
Rule 68    parametro -> NUMERO COMA parametro
Rule 69    parametro -> ID
Rule 70    parametro -> NUMERO
Rule 71    llamarProc -> LLAMAR ID PARENTESIS_IZQ parametro PARENTESIS_DER PUNTOCOMA
Rule 72    empty -> <empty>

Terminals, with rules where they appear

A                    : 55
AA                   : 60
AF                   : 49
ALEATORIO            : 47
COMA                 : 61 62 63 64 65 66 67 68
CUANDO               : 31 32
DAA                  : 56
DAB                  : 58
DCL                  : 10 11
DEC                  : 62 65
DEFAULT              : 11
DESDE                : 43
DFA                  : 51
DFB                  : 53
DIFERENTE            : 37
DOSPUNTOS            : 2 4
ENCASO               : 24 25
ENTONS               : 31 32
F                    : 50
FIN                  : 2
FINDESDE             : 43
FINENCASO            : 24 25
FINPROC              : 4
HAGA                 : 43
HASTA                : 43
HASTAENCONTRAR       : 42
IAA                  : 57
IAB                  : 59
ID                   : 4 10 11 25 31 40 42 43 61 62 63 64 65 66 67 69 71
IFA                  : 52
IFB                  : 54
IGUAL                : 34 43
INC                  : 61 64
INI                  : 63 66
INICIO               : 2
INICIOPROC           : 4
LLAMAR               : 71
LLAVE_DER            : 26 28 31 32 42 43
LLAVE_IZQ            : 26 28 31 32 42 43
MAYOR                : 35
MAYORIGUAL           : 38
MENOR                : 36
MENORIGUAL           : 39
MOVER                : 48
NUMERO               : 11 41 68 70
PARENTESIS_DER       : 4 47 48 61 62 63 64 65 66 71
PARENTESIS_IZQ       : 4 47 48 61 62 63 64 65 66 71
PROC                 : 4
PUNTOCOMA            : 2 4 10 11 24 25 42 43 47 48 61 62 63 64 65 66 71
REPITA               : 42
SINO                 : 26 28
SUMA                 : 
error                : 

Nonterminals, with rules where they appear

Aleatorio            : 44
Mover                : 45
Start                : 0
code                 : 1
cond1Aux1            : 24
cond1Aux2            : 28 31
cond2Aux1            : 25
cond2Aux2            : 26 32
condicion            : 31 32 42
condicion1           : 13 20
condicion2           : 14 21
cuerpo               : 2 6 7
empty                : 5 12 27 27 27 27 27 29 29 29 29 29 30 33
expresion            : 4 6 13 14 15 16 17 18 26 28 31 32 42 43 61 62 63
funcion              : 17
funcionAlge          : 46
hacer                : 16 23
llamarProc           : 18 19
paramMover           : 48
parametro            : 4 67 68 71
procedimiento        : 3
procedimientos       : 2 3
repita               : 15 22
sentencia            : 31 32 42 43 43 61 62 63 64 65 66
variable             : 7
variable1            : 8
variable2            : 9

